<?xml version="1.0" encoding="UTF-8"?>
<!-- Generated by org.testng.reporters.JUnitReportReporter -->
<testsuite hostname="DESKTOP-BHKATMB" failures="0" tests="3" name="com.edusoln.runner.TestNGRunner" time="87.696" errors="0" timestamp="2022-12-24T16:11:03 IST" skipped="1">
  <testcase classname="com.edusoln.runner.TestNGRunner" name="testcase" time="19.501">
    <skipped/>
  </testcase> <!-- testcase -->
  <system-out/>
  <testcase classname="com.edusoln.runner.TestNGRunner" name="testcase" time="45.531"/>
  <system-out/>
  <testcase classname="com.edusoln.runner.TestNGRunner" name="testcase" time="22.664"/>
  <system-out/>
</testsuite> <!-- com.edusoln.runner.TestNGRunner -->
